<?xml version="1.0" encoding="UTF-8"?>
<!-- Generated by org.testng.reporters.JUnitReportReporter -->
<testsuite hostname="DC5CG138867R" failures="0" tests="1" name="dummy.restapiexample.com.DeleteEmployeeDataTest" time="0.730" errors="0" timestamp="2022-05-02T16:58:32 NZST" skipped="0">
  <testcase classname="dummy.restapiexample.com.DeleteEmployeeDataTest" name="DeleteEmployer_StatusCode" time="0.730"/>
  <system-out/>
</testsuite> <!-- dummy.restapiexample.com.DeleteEmployeeDataTest -->
