<?xml version="1.0" encoding="UTF-8"?>
<!-- Generated by org.testng.reporters.JUnitReportReporter -->
<testsuite hostname="DC5CG138867R" failures="0" tests="1" name="dummy.restapiexample.com.GetAllEmployeeDataTest" time="1.008" errors="0" timestamp="2022-05-04T11:40:10 NZST" skipped="0">
  <testcase classname="dummy.restapiexample.com.GetAllEmployeeDataTest" name="GetAllEmployeeData_StatusCode" time="1.008"/>
  <system-out/>
</testsuite> <!-- dummy.restapiexample.com.GetAllEmployeeDataTest -->
