<?xml version="1.0" encoding="UTF-8"?>
<!-- Generated by org.testng.reporters.JUnitReportReporter -->
<testsuite hostname="DC5CG138867R" failures="0" tests="1" name="dummy.restapiexample.com.GetAllEmployeeDataTest" time="0.793" errors="0" timestamp="2022-04-22T16:21:34 NZST" skipped="0">
  <testcase classname="dummy.restapiexample.com.GetAllEmployeeDataTest" name="allEmployeeData" time="0.793"/>
  <system-out/>
</testsuite> <!-- dummy.restapiexample.com.GetAllEmployeeDataTest -->
