<?xml version="1.0" encoding="UTF-8"?>
<!-- Generated by org.testng.reporters.JUnitReportReporter -->
<testsuite hostname="DC5CG138867R" failures="0" tests="2" name="com.nahidmahmud.javaapiautomation101.reqresin.CreateUserTest" time="4.772" errors="0" timestamp="2022-05-10T13:30:43 NZST" skipped="0">
  <testcase classname="com.nahidmahmud.javaapiautomation101.reqresin.CreateUserTest" name="CreateUserId_StatusCode" time="0.846"/>
  <system-out/>
  <testcase classname="com.nahidmahmud.javaapiautomation101.reqresin.CreateUserTest" name="CreateUserId_Body" time="3.926"/>
  <system-out/>
</testsuite> <!-- com.nahidmahmud.javaapiautomation101.reqresin.CreateUserTest -->
