<?xml version="1.0" encoding="UTF-8"?>
<!-- Generated by org.testng.reporters.JUnitReportReporter -->
<testsuite hostname="DC5CG138867R" failures="0" tests="1" name="com.nahidmahmud.javaapiautomation101.reqresin.CreateUserTest" time="7.065" errors="0" timestamp="2022-05-04T11:40:11 NZST" skipped="0">
  <testcase classname="com.nahidmahmud.javaapiautomation101.reqresin.CreateUserTest" name="CreateUserId_StatusCode" time="7.065"/>
  <system-out/>
</testsuite> <!-- com.nahidmahmud.javaapiautomation101.reqresin.CreateUserTest -->
