<?xml version="1.0" encoding="UTF-8"?>
<!-- Generated by org.testng.reporters.JUnitReportReporter -->
<testsuite hostname="DC5CG138867R" failures="0" tests="1" name="com.nahidmahmud.javaapiautomation101.reqresin.UserRegisterTest" time="0.704" errors="0" timestamp="2022-05-02T16:58:32 NZST" skipped="0">
  <testcase classname="com.nahidmahmud.javaapiautomation101.reqresin.UserRegisterTest" name="userRegistration" time="0.704"/>
  <system-out/>
</testsuite> <!-- com.nahidmahmud.javaapiautomation101.reqresin.UserRegisterTest -->
