<?xml version="1.0" encoding="UTF-8"?>
<!-- Generated by org.testng.reporters.JUnitReportReporter -->
<testsuite hostname="DC5CG138867R" failures="0" tests="1" name="com.nahidmahmud.javaapiautomation101.reqresin.DeleteUserTest" time="0.751" errors="0" timestamp="2022-04-22T16:21:34 NZST" skipped="0">
  <testcase classname="com.nahidmahmud.javaapiautomation101.reqresin.DeleteUserTest" name="deleteMethodByJson" time="0.751"/>
  <system-out/>
</testsuite> <!-- com.nahidmahmud.javaapiautomation101.reqresin.DeleteUserTest -->
