<?xml version="1.0" encoding="UTF-8" ?>
<testsuite tests="13" failures="3" name="TestSuite" time="19.392" errors="0" skipped="0">
  <properties>
    <property name="idea.version" value="2021.3.3"/>
    <property name="java.runtime.name" value="OpenJDK Runtime Environment"/>
    <property name="java.vm.version" value="18.0.1+10-24"/>
    <property name="sun.boot.library.path" value="C:\Users\nahid.mahmud\.jdks\openjdk-18.0.1\bin"/>
    <property name="maven.multiModuleProjectDirectory" value="C:\nahidpractice\ApiAutomationJava"/>
    <property name="java.vm.vendor" value="Oracle Corporation"/>
    <property name="java.vendor.url" value="https://java.oracle.com/"/>
    <property name="guice.disable.misplaced.annotation.check" value="true"/>
    <property name="path.separator" value=";"/>
    <property name="java.vm.name" value="OpenJDK 64-Bit Server VM"/>
    <property name="sun.os.patch.level" value=""/>
    <property name="user.script" value=""/>
    <property name="user.country" value="US"/>
    <property name="sun.java.launcher" value="SUN_STANDARD"/>
    <property name="java.vm.specification.name" value="Java Virtual Machine Specification"/>
    <property name="user.dir" value="C:\nahidpractice\ApiAutomationJava"/>
    <property name="java.vm.compressedOopsMode" value="Zero based"/>
    <property name="java.runtime.version" value="18.0.1+10-24"/>
    <property name="os.arch" value="amd64"/>
    <property name="java.io.tmpdir" value="C:\Users\NAHID~1.MAH\AppData\Local\Temp\"/>
    <property name="line.separator" value="
"/>
    <property name="java.vm.specification.vendor" value="Oracle Corporation"/>
    <property name="user.variant" value=""/>
    <property name="os.name" value="Windows 10"/>
    <property name="maven.ext.class.path" value="C:\Program Files\JetBrains\IntelliJ IDEA Community Edition 2021.3.2\plugins\maven\lib\maven-event-listener.jar"/>
    <property name="classworlds.conf" value="C:\Program Files\JetBrains\IntelliJ IDEA Community Edition 2021.3.2\plugins\maven\lib\maven3\bin\m2.conf"/>
    <property name="sun.jnu.encoding" value="Cp1252"/>
    <property name="java.library.path" value="C:\Users\nahid.mahmud\.jdks\openjdk-18.0.1\bin;C:\windows\Sun\Java\bin;C:\windows\system32;C:\windows;C:\windows\system32;C:\windows;C:\windows\System32\Wbem;C:\windows\System32\WindowsPowerShell\v1.0\;C:\windows\System32\OpenSSH\;C:\Program Files\dotnet\;C:\Program Files\Microsoft SQL Server\Client SDK\ODBC\170\Tools\Binn\;C:\Program Files\Microsoft SQL Server\150\Tools\Binn\;C:\Users\nahid.mahmud\Downloads\apache-maven-3.8.5-bin\apache-maven-3.8.5\bin;C:\Users\nahid.mahmud\AppData\Local\Android\Sdk\tools\bin;C:\Users\nahid.mahmud\AppData\Local\Android\Sdk\tools;C:\Users\nahid.mahmud\AppData\Local\Android\Sdk\platform-tools;C:\Users\nahid.mahmud\AppData\Local\Android\Sdk\tools\emulator;C:\Program Files (x86)\dotnet\;C:\Program Files\Java\jdk1.8.0_331\bin;C:\Users\nahid.mahmud\AppData\Local\Microsoft\WindowsApps;C:\Users\nahid.mahmud\.dotnet\tools;."/>
    <property name="maven.conf" value="C:\Program Files\JetBrains\IntelliJ IDEA Community Edition 2021.3.2\plugins\maven\lib\maven3/conf"/>
    <property name="jdk.debug" value="release"/>
    <property name="java.class.version" value="62.0"/>
    <property name="java.specification.name" value="Java Platform API Specification"/>
    <property name="sun.management.compiler" value="HotSpot 64-Bit Tiered Compilers"/>
    <property name="os.version" value="10.0"/>
    <property name="user.home" value="C:\Users\nahid.mahmud"/>
    <property name="user.timezone" value="Pacific/Auckland"/>
    <property name="file.encoding" value="UTF-8"/>
    <property name="java.specification.version" value="18"/>
    <property name="user.name" value="nahid.mahmud"/>
    <property name="java.class.path" value="C:\Program Files\JetBrains\IntelliJ IDEA Community Edition 2021.3.2\plugins\maven\lib\maven3\boot\plexus-classworlds-2.6.0.jar;C:\Program Files\JetBrains\IntelliJ IDEA Community Edition 2021.3.2\plugins\maven\lib\maven3\boot\plexus-classworlds.license"/>
    <property name="java.vm.specification.version" value="18"/>
    <property name="sun.arch.data.model" value="64"/>
    <property name="sun.java.command" value="org.codehaus.classworlds.Launcher -Didea.version=2021.3.3 test"/>
    <property name="java.home" value="C:\Users\nahid.mahmud\.jdks\openjdk-18.0.1"/>
    <property name="user.language" value="en"/>
    <property name="java.specification.vendor" value="Oracle Corporation"/>
    <property name="java.vm.info" value="mixed mode, sharing"/>
    <property name="java.version" value="18.0.1"/>
    <property name="native.encoding" value="Cp1252"/>
    <property name="java.vendor" value="Oracle Corporation"/>
    <property name="maven.home" value="C:\Program Files\JetBrains\IntelliJ IDEA Community Edition 2021.3.2\plugins\maven\lib\maven3"/>
    <property name="file.separator" value="\"/>
    <property name="java.version.date" value="2022-04-19"/>
    <property name="java.vendor.url.bug" value="https://bugreport.java.com/bugreport/"/>
    <property name="sun.io.unicode.encoding" value="UnicodeLittle"/>
    <property name="sun.cpu.endian" value="little"/>
    <property name="sun.cpu.isalist" value="amd64"/>
  </properties>
  <testcase classname="com.nahidmahmud.javaapiautomation101.reqresin.CreateUserTest" name="CreateUserId_StatusCode" time="7.071"/>
  <testcase classname="com.nahidmahmud.javaapiautomation101.reqresin.DeleteUserTest" name="DeleteUserId_StatusCode" time="0.849"/>
  <testcase classname="com.nahidmahmud.javaapiautomation101.reqresin.UpdatePatchUserTest" name="patchMethodByJson" time="0.867"/>
  <testcase classname="com.nahidmahmud.javaapiautomation101.reqresin.UpdateUserTest" name="putMethodByJson" time="0.825"/>
  <testcase classname="com.nahidmahmud.javaapiautomation101.reqresin.UserLoginTest" name="userLogin" time="0.754"/>
  <testcase classname="com.nahidmahmud.javaapiautomation101.reqresin.UserRegisterTest" name="userRegistration" time="0.804"/>
  <testcase classname="dummy.restapiexample.com.CopyOfGetAllEmployeeDataTest" name="allEmployeeData" time="1.403"/>
  <testcase classname="dummy.restapiexample.com.CreateEmployeeIDTest" name="CreateNewEmployee_Body" time="0.919"/>
  <testcase classname="dummy.restapiexample.com.CreateEmployeeIDTest" name="CreateNewEmployer_StatusCode" time="0.766">
    <failure message="expected:&lt;200&gt; but was:&lt;405&gt;" type="junit.framework.AssertionFailedError">junit.framework.AssertionFailedError: expected:&lt;200&gt; but was:&lt;405&gt;
	at junit.framework.Assert.fail(Assert.java:47)
	at junit.framework.Assert.failNotEquals(Assert.java:282)
	at junit.framework.Assert.assertEquals(Assert.java:64)
	at junit.framework.Assert.assertEquals(Assert.java:201)
	at junit.framework.Assert.assertEquals(Assert.java:207)
	at dummy.restapiexample.com.CreateEmployeeIDTest.CreateNewEmployer_StatusCode(CreateEmployeeIDTest.java:21)
</failure>
    <system-out>Status received =&gt; HTTP/1.1 405 Method Not Allowed
&lt;!DOCTYPE html&gt;
&lt;html&gt;
&lt;head&gt;
    &lt;meta charset=&quot;UTF-8&quot; /&gt;
    &lt;meta name=&quot;robots&quot; content=&quot;noindex,nofollow,noarchive&quot; /&gt;
    &lt;title&gt;An Error Occurred: Method Not Allowed&lt;/title&gt;
    &lt;style&gt;body { background-color: #fff; color: #222; font: 16px/1.5 -apple-system, BlinkMacSystemFont, &quot;Segoe UI&quot;, Roboto, &quot;Helvetica Neue&quot;, Arial, sans-serif; margin: 0; }
.container { margin: 30px; max-width: 600px; }
h1 { color: #dc3545; font-size: 24px; }
h2 { font-size: 18px; }&lt;/style&gt;
&lt;/head&gt;
&lt;body&gt;
&lt;div class=&quot;container&quot;&gt;
    &lt;h1&gt;Oops! An Error Occurred&lt;/h1&gt;
    &lt;h2&gt;The server returned a &quot;405 Method Not Allowed&quot;.&lt;/h2&gt;

    &lt;p&gt;
        Something is broken. Please let us know what you were doing when this error occurred.
        We will fix it as soon as possible. Sorry for any inconvenience caused.
    &lt;/p&gt;
&lt;/div&gt;
&lt;/body&gt;
&lt;/html&gt;
Response =&gt; &lt;!DOCTYPE html&gt;
&lt;html&gt;
&lt;head&gt;
    &lt;meta charset=&quot;UTF-8&quot; /&gt;
    &lt;meta name=&quot;robots&quot; content=&quot;noindex,nofollow,noarchive&quot; /&gt;
    &lt;title&gt;An Error Occurred: Method Not Allowed&lt;/title&gt;
    &lt;style&gt;body { background-color: #fff; color: #222; font: 16px/1.5 -apple-system, BlinkMacSystemFont, &quot;Segoe UI&quot;, Roboto, &quot;Helvetica Neue&quot;, Arial, sans-serif; margin: 0; }
.container { margin: 30px; max-width: 600px; }
h1 { color: #dc3545; font-size: 24px; }
h2 { font-size: 18px; }&lt;/style&gt;
&lt;/head&gt;
&lt;body&gt;
&lt;div class=&quot;container&quot;&gt;
    &lt;h1&gt;Oops! An Error Occurred&lt;/h1&gt;
    &lt;h2&gt;The server returned a &quot;405 Method Not Allowed&quot;.&lt;/h2&gt;

    &lt;p&gt;
        Something is broken. Please let us know what you were doing when this error occurred.
        We will fix it as soon as possible. Sorry for any inconvenience caused.
    &lt;/p&gt;
&lt;/div&gt;
&lt;/body&gt;
&lt;/html&gt;
</system-out>
  </testcase>
  <testcase classname="dummy.restapiexample.com.DeleteEmployeeDataTest" name="DeleteEmployer_StatusCode" time="0.768">
    <failure message="expected:&lt;200&gt; but was:&lt;429&gt;" type="junit.framework.AssertionFailedError">junit.framework.AssertionFailedError: expected:&lt;200&gt; but was:&lt;429&gt;
	at junit.framework.Assert.fail(Assert.java:47)
	at junit.framework.Assert.failNotEquals(Assert.java:282)
	at junit.framework.Assert.assertEquals(Assert.java:64)
	at junit.framework.Assert.assertEquals(Assert.java:201)
	at junit.framework.Assert.assertEquals(Assert.java:207)
	at dummy.restapiexample.com.DeleteEmployeeDataTest.DeleteEmployer_StatusCode(DeleteEmployeeDataTest.java:21)
</failure>
    <system-out>Status received =&gt; HTTP/1.1 429 Too Many Requests
&lt;!DOCTYPE html&gt;
&lt;html lang=&quot;en&quot;&gt;
    &lt;head&gt;
        &lt;meta charset=&quot;utf-8&quot;&gt;
        &lt;meta name=&quot;viewport&quot; content=&quot;width=device-width, initial-scale=1&quot;&gt;

        &lt;title&gt;Too Many Requests&lt;/title&gt;

        &lt;!-- Fonts --&gt;
        &lt;link rel=&quot;dns-prefetch&quot; href=&quot;//fonts.gstatic.com&quot;&gt;
        &lt;link href=&quot;https://fonts.googleapis.com/css?family=Nunito&quot; rel=&quot;stylesheet&quot;&gt;

        &lt;!-- Styles --&gt;
        &lt;style&gt;
            html, body {
                background-color: #fff;
                color: #636b6f;
                font-family: &apos;Nunito&apos;, sans-serif;
                font-weight: 100;
                height: 100vh;
                margin: 0;
            }

            .full-height {
                height: 100vh;
            }

            .flex-center {
                align-items: center;
                display: flex;
                justify-content: center;
            }

            .position-ref {
                position: relative;
            }

            .code {
                border-right: 2px solid;
                font-size: 26px;
                padding: 0 15px 0 15px;
                text-align: center;
            }

            .message {
                font-size: 18px;
                text-align: center;
            }
        &lt;/style&gt;
    &lt;/head&gt;
    &lt;body&gt;
        &lt;div class=&quot;flex-center position-ref full-height&quot;&gt;
            &lt;div class=&quot;code&quot;&gt;
                429            &lt;/div&gt;

            &lt;div class=&quot;message&quot; style=&quot;padding: 10px;&quot;&gt;
                Too Many Requests            &lt;/div&gt;
        &lt;/div&gt;
    &lt;/body&gt;
&lt;/html&gt;

Response =&gt; &lt;!DOCTYPE html&gt;
&lt;html lang=&quot;en&quot;&gt;
    &lt;head&gt;
        &lt;meta charset=&quot;utf-8&quot;&gt;
        &lt;meta name=&quot;viewport&quot; content=&quot;width=device-width, initial-scale=1&quot;&gt;

        &lt;title&gt;Too Many Requests&lt;/title&gt;

        &lt;!-- Fonts --&gt;
        &lt;link rel=&quot;dns-prefetch&quot; href=&quot;//fonts.gstatic.com&quot;&gt;
        &lt;link href=&quot;https://fonts.googleapis.com/css?family=Nunito&quot; rel=&quot;stylesheet&quot;&gt;

        &lt;!-- Styles --&gt;
        &lt;style&gt;
            html, body {
                background-color: #fff;
                color: #636b6f;
                font-family: &apos;Nunito&apos;, sans-serif;
                font-weight: 100;
                height: 100vh;
                margin: 0;
            }

            .full-height {
                height: 100vh;
            }

            .flex-center {
                align-items: center;
                display: flex;
                justify-content: center;
            }

            .position-ref {
                position: relative;
            }

            .code {
                border-right: 2px solid;
                font-size: 26px;
                padding: 0 15px 0 15px;
                text-align: center;
            }

            .message {
                font-size: 18px;
                text-align: center;
            }
        &lt;/style&gt;
    &lt;/head&gt;
    &lt;body&gt;
        &lt;div class=&quot;flex-center position-ref full-height&quot;&gt;
            &lt;div class=&quot;code&quot;&gt;
                429            &lt;/div&gt;

            &lt;div class=&quot;message&quot; style=&quot;padding: 10px;&quot;&gt;
                Too Many Requests            &lt;/div&gt;
        &lt;/div&gt;
    &lt;/body&gt;
&lt;/html&gt;

</system-out>
  </testcase>
  <testcase classname="dummy.restapiexample.com.GetAllEmployeeDataTest" name="GetAllEmployeeData_StatusCode" time="1.006"/>
  <testcase classname="dummy.restapiexample.com.UpdateEmployeeIDTest" name="UpdateAnEmployeeData_StatusCode" time="0.773">
    <failure message="expected:&lt;200&gt; but was:&lt;429&gt;" type="junit.framework.AssertionFailedError">junit.framework.AssertionFailedError: expected:&lt;200&gt; but was:&lt;429&gt;
	at junit.framework.Assert.fail(Assert.java:47)
	at junit.framework.Assert.failNotEquals(Assert.java:282)
	at junit.framework.Assert.assertEquals(Assert.java:64)
	at junit.framework.Assert.assertEquals(Assert.java:201)
	at junit.framework.Assert.assertEquals(Assert.java:207)
	at dummy.restapiexample.com.UpdateEmployeeIDTest.UpdateAnEmployeeData_StatusCode(UpdateEmployeeIDTest.java:22)
</failure>
    <system-out>Status received =&gt; HTTP/1.1 429 Too Many Requests
&lt;!DOCTYPE html&gt;
&lt;html lang=&quot;en&quot;&gt;
    &lt;head&gt;
        &lt;meta charset=&quot;utf-8&quot;&gt;
        &lt;meta name=&quot;viewport&quot; content=&quot;width=device-width, initial-scale=1&quot;&gt;

        &lt;title&gt;Too Many Requests&lt;/title&gt;

        &lt;!-- Fonts --&gt;
        &lt;link rel=&quot;dns-prefetch&quot; href=&quot;//fonts.gstatic.com&quot;&gt;
        &lt;link href=&quot;https://fonts.googleapis.com/css?family=Nunito&quot; rel=&quot;stylesheet&quot;&gt;

        &lt;!-- Styles --&gt;
        &lt;style&gt;
            html, body {
                background-color: #fff;
                color: #636b6f;
                font-family: &apos;Nunito&apos;, sans-serif;
                font-weight: 100;
                height: 100vh;
                margin: 0;
            }

            .full-height {
                height: 100vh;
            }

            .flex-center {
                align-items: center;
                display: flex;
                justify-content: center;
            }

            .position-ref {
                position: relative;
            }

            .code {
                border-right: 2px solid;
                font-size: 26px;
                padding: 0 15px 0 15px;
                text-align: center;
            }

            .message {
                font-size: 18px;
                text-align: center;
            }
        &lt;/style&gt;
    &lt;/head&gt;
    &lt;body&gt;
        &lt;div class=&quot;flex-center position-ref full-height&quot;&gt;
            &lt;div class=&quot;code&quot;&gt;
                429            &lt;/div&gt;

            &lt;div class=&quot;message&quot; style=&quot;padding: 10px;&quot;&gt;
                Too Many Requests            &lt;/div&gt;
        &lt;/div&gt;
    &lt;/body&gt;
&lt;/html&gt;

Response =&gt; &lt;!DOCTYPE html&gt;
&lt;html lang=&quot;en&quot;&gt;
    &lt;head&gt;
        &lt;meta charset=&quot;utf-8&quot;&gt;
        &lt;meta name=&quot;viewport&quot; content=&quot;width=device-width, initial-scale=1&quot;&gt;

        &lt;title&gt;Too Many Requests&lt;/title&gt;

        &lt;!-- Fonts --&gt;
        &lt;link rel=&quot;dns-prefetch&quot; href=&quot;//fonts.gstatic.com&quot;&gt;
        &lt;link href=&quot;https://fonts.googleapis.com/css?family=Nunito&quot; rel=&quot;stylesheet&quot;&gt;

        &lt;!-- Styles --&gt;
        &lt;style&gt;
            html, body {
                background-color: #fff;
                color: #636b6f;
                font-family: &apos;Nunito&apos;, sans-serif;
                font-weight: 100;
                height: 100vh;
                margin: 0;
            }

            .full-height {
                height: 100vh;
            }

            .flex-center {
                align-items: center;
                display: flex;
                justify-content: center;
            }

            .position-ref {
                position: relative;
            }

            .code {
                border-right: 2px solid;
                font-size: 26px;
                padding: 0 15px 0 15px;
                text-align: center;
            }

            .message {
                font-size: 18px;
                text-align: center;
            }
        &lt;/style&gt;
    &lt;/head&gt;
    &lt;body&gt;
        &lt;div class=&quot;flex-center position-ref full-height&quot;&gt;
            &lt;div class=&quot;code&quot;&gt;
                429            &lt;/div&gt;

            &lt;div class=&quot;message&quot; style=&quot;padding: 10px;&quot;&gt;
                Too Many Requests            &lt;/div&gt;
        &lt;/div&gt;
    &lt;/body&gt;
&lt;/html&gt;

</system-out>
  </testcase>
  <testcase classname="com.nahidmahmud.javaapiautomation101.reqresin.GetUserTest" name="test_learning_getMethodUserById on test_learning_getMethodUserById(com.nahidmahmud.javaapiautomation101.reqresin.GetUserTest)" time="2.587"/>
</testsuite>