<?xml version="1.0" encoding="UTF-8" ?>
<testsuite tests="11" failures="1" name="TestSuite" time="10.275" errors="0" skipped="0">
  <properties>
    <property name="java.runtime.name" value="Java(TM) SE Runtime Environment"/>
    <property name="java.vm.version" value="18+36-2087"/>
    <property name="sun.boot.library.path" value="C:\Program Files\Java\jdk-18\bin"/>
    <property name="maven.multiModuleProjectDirectory" value="C:\nahidpractice\ApiAutomationJava"/>
    <property name="java.vm.vendor" value="Oracle Corporation"/>
    <property name="java.vendor.url" value="https://java.oracle.com/"/>
    <property name="guice.disable.misplaced.annotation.check" value="true"/>
    <property name="path.separator" value=";"/>
    <property name="java.vm.name" value="Java HotSpot(TM) 64-Bit Server VM"/>
    <property name="sun.os.patch.level" value=""/>
    <property name="user.script" value=""/>
    <property name="user.country" value="US"/>
    <property name="sun.java.launcher" value="SUN_STANDARD"/>
    <property name="java.vm.specification.name" value="Java Virtual Machine Specification"/>
    <property name="user.dir" value="C:\nahidpractice\ApiAutomationJava"/>
    <property name="java.vm.compressedOopsMode" value="Zero based"/>
    <property name="java.runtime.version" value="18+36-2087"/>
    <property name="os.arch" value="amd64"/>
    <property name="java.io.tmpdir" value="C:\Users\NAHID~1.MAH\AppData\Local\Temp\"/>
    <property name="line.separator" value="
"/>
    <property name="java.vm.specification.vendor" value="Oracle Corporation"/>
    <property name="user.variant" value=""/>
    <property name="os.name" value="Windows 10"/>
    <property name="classworlds.conf" value="C:\Users\nahid.mahmud\Downloads\apache-maven-3.8.5-bin\apache-maven-3.8.5\bin\m2.conf"/>
    <property name="sun.jnu.encoding" value="Cp1252"/>
    <property name="java.library.path" value="C:\Program Files\Java\jdk-18\bin;C:\windows\Sun\Java\bin;C:\windows\system32;C:\windows;C:\Program Files\Common Files\Oracle\Java\javapath_target_863161531;C:\windows\system32;C:\windows;C:\windows\System32\Wbem;C:\windows\System32\WindowsPowerShell\v1.0\;C:\windows\System32\OpenSSH\;C:\Program Files\dotnet\;C:\Program Files\Microsoft SQL Server\Client SDK\ODBC\170\Tools\Binn\;C:\Program Files\Microsoft SQL Server\150\Tools\Binn\;C:\Users\nahid.mahmud\Downloads\apache-maven-3.8.5-bin\apache-maven-3.8.5\bin;C:\Users\nahid.mahmud\AppData\Local\Android\Sdk\tools\bin;C:\Users\nahid.mahmud\AppData\Local\Android\Sdk\tools;C:\Users\nahid.mahmud\AppData\Local\Android\Sdk\platform-tools;C:\Users\nahid.mahmud\AppData\Local\Android\Sdk\tools\emulator;C:\Program Files (x86)\dotnet\;C:\Program Files\Git\cmd;C:\Program Files\Java\jdk-18\bin;C:\Users\nahid.mahmud\AppData\Local\Microsoft\WindowsApps;C:\Users\nahid.mahmud\.dotnet\tools;."/>
    <property name="maven.conf" value="C:\Users\nahid.mahmud\Downloads\apache-maven-3.8.5-bin\apache-maven-3.8.5/conf"/>
    <property name="jdk.debug" value="release"/>
    <property name="java.class.version" value="62.0"/>
    <property name="java.specification.name" value="Java Platform API Specification"/>
    <property name="sun.management.compiler" value="HotSpot 64-Bit Tiered Compilers"/>
    <property name="os.version" value="10.0"/>
    <property name="library.jansi.path" value="C:\Users\nahid.mahmud\Downloads\apache-maven-3.8.5-bin\apache-maven-3.8.5\lib\jansi-native"/>
    <property name="user.home" value="C:\Users\nahid.mahmud"/>
    <property name="user.timezone" value="Pacific/Auckland"/>
    <property name="file.encoding" value="UTF-8"/>
    <property name="java.specification.version" value="18"/>
    <property name="user.name" value="nahid.mahmud"/>
    <property name="java.class.path" value="C:\Users\nahid.mahmud\Downloads\apache-maven-3.8.5-bin\apache-maven-3.8.5\boot\plexus-classworlds-2.6.0.jar"/>
    <property name="java.vm.specification.version" value="18"/>
    <property name="sun.arch.data.model" value="64"/>
    <property name="sun.java.command" value="org.codehaus.plexus.classworlds.launcher.Launcher test"/>
    <property name="java.home" value="C:\Program Files\Java\jdk-18"/>
    <property name="user.language" value="en"/>
    <property name="java.specification.vendor" value="Oracle Corporation"/>
    <property name="java.vm.info" value="mixed mode, sharing"/>
    <property name="java.version" value="18"/>
    <property name="native.encoding" value="Cp1252"/>
    <property name="java.vendor" value="Oracle Corporation"/>
    <property name="sun.stderr.encoding" value="cp437"/>
    <property name="maven.home" value="C:\Users\nahid.mahmud\Downloads\apache-maven-3.8.5-bin\apache-maven-3.8.5"/>
    <property name="file.separator" value="\"/>
    <property name="java.version.date" value="2022-03-22"/>
    <property name="java.vendor.url.bug" value="https://bugreport.java.com/bugreport/"/>
    <property name="sun.io.unicode.encoding" value="UnicodeLittle"/>
    <property name="sun.cpu.endian" value="little"/>
    <property name="sun.stdout.encoding" value="cp437"/>
    <property name="sun.cpu.isalist" value="amd64"/>
  </properties>
  <testcase classname="com.nahidmahmud.javaapiautomation101.reqresin.CreateUserTest" name="postMethodByJson" time="2.242"/>
  <testcase classname="com.nahidmahmud.javaapiautomation101.reqresin.DeleteUserTest" name="deleteMethodByJson" time="0.753"/>
  <testcase classname="com.nahidmahmud.javaapiautomation101.reqresin.UpdatePatchUserTest" name="patchMethodByJson" time="0.736"/>
  <testcase classname="com.nahidmahmud.javaapiautomation101.reqresin.UpdateUserTest" name="putMethodByJson" time="0.728"/>
  <testcase classname="com.nahidmahmud.javaapiautomation101.reqresin.UserLoginTest" name="userLogin" time="0.694"/>
  <testcase classname="com.nahidmahmud.javaapiautomation101.reqresin.UserRegisterTest" name="userRegistration" time="0.693"/>
  <testcase classname="dummy.restapiexample.com.CreateEmployeeIDTest" name="CreateNewEmployee" time="0.831"/>
  <testcase classname="dummy.restapiexample.com.DeleteEmployeeDataTest" name="DeleteEmployeeID" time="0.817">
    <failure message="Failed to parse the JSON document" type="io.restassured.path.json.exception.JsonPathException">io.restassured.path.json.exception.JsonPathException: Failed to parse the JSON document
	at io.restassured.path.json.JsonPath$ExceptionCatcher.invoke(JsonPath.java:1002)
	at io.restassured.path.json.JsonPath$4.doParseWith(JsonPath.java:967)
	at io.restassured.path.json.JsonPath$JsonParser.parseWith(JsonPath.java:1047)
	at io.restassured.path.json.JsonPath.get(JsonPath.java:202)
	at dummy.restapiexample.com.DeleteEmployeeDataTest.DeleteEmployeeID(DeleteEmployeeDataTest.java:32)
Caused by: groovy.json.JsonException: Lexing failed on line: 1, column: 1, while reading &apos;&lt;&apos;, no possible valid JSON value or punctuation could be recognized.
	at groovy.json.JsonLexer.nextToken(JsonLexer.java:86)
	at groovy.json.JsonLexer$nextToken.call(Unknown Source)
	at io.restassured.internal.path.json.ConfigurableJsonSlurper.parse(ConfigurableJsonSlurper.groovy:97)
	at io.restassured.internal.path.json.ConfigurableJsonSlurper$parse.callCurrent(Unknown Source)
	at io.restassured.internal.path.json.ConfigurableJsonSlurper.parseText(ConfigurableJsonSlurper.groovy:83)
	at io.restassured.path.json.JsonPath$4$1.method(JsonPath.java:965)
	at io.restassured.path.json.JsonPath$ExceptionCatcher.invoke(JsonPath.java:1000)
	... 38 more
</failure>
    <system-out>Status received =&gt; HTTP/1.1 429 Too Many Requests
&lt;html lang=&quot;en&quot;&gt;
  &lt;head&gt;
    &lt;meta charset=&quot;utf-8&quot;/&gt;
    &lt;meta name=&quot;viewport&quot; content=&quot;width=device-width, initial-scale=1&quot;/&gt;
    &lt;title&gt;Too Many Requests&lt;/title&gt;
    &lt;link rel=&quot;dns-prefetch&quot; href=&quot;//fonts.gstatic.com&quot;/&gt;
    &lt;link href=&quot;https://fonts.googleapis.com/css?family=Nunito&quot; rel=&quot;stylesheet&quot;/&gt;
    &lt;style&gt;
            html, body {
                background-color: #fff;
                color: #636b6f;
                font-family: &apos;Nunito&apos;, sans-serif;
                font-weight: 100;
                height: 100vh;
                margin: 0;
            }

            .full-height {
                height: 100vh;
            }

            .flex-center {
                align-items: center;
                display: flex;
                justify-content: center;
            }

            .position-ref {
                position: relative;
            }

            .code {
                border-right: 2px solid;
                font-size: 26px;
                padding: 0 15px 0 15px;
                text-align: center;
            }

            .message {
                font-size: 18px;
                text-align: center;
            }
        &lt;/style&gt;
  &lt;/head&gt;
  &lt;body&gt;
    &lt;div class=&quot;flex-center position-ref full-height&quot;&gt;
      &lt;div class=&quot;code&quot;&gt;
                429            &lt;/div&gt;
      &lt;div class=&quot;message&quot; style=&quot;padding: 10px;&quot;&gt;
                Too Many Requests            &lt;/div&gt;
    &lt;/div&gt;
  &lt;/body&gt;
&lt;/html&gt;
Response =&gt; &lt;html lang=&quot;en&quot;&gt;
  &lt;head&gt;
    &lt;meta charset=&quot;utf-8&quot;/&gt;
    &lt;meta name=&quot;viewport&quot; content=&quot;width=device-width, initial-scale=1&quot;/&gt;
    &lt;title&gt;Too Many Requests&lt;/title&gt;
    &lt;link rel=&quot;dns-prefetch&quot; href=&quot;//fonts.gstatic.com&quot;/&gt;
    &lt;link href=&quot;https://fonts.googleapis.com/css?family=Nunito&quot; rel=&quot;stylesheet&quot;/&gt;
    &lt;style&gt;
            html, body {
                background-color: #fff;
                color: #636b6f;
                font-family: &apos;Nunito&apos;, sans-serif;
                font-weight: 100;
                height: 100vh;
                margin: 0;
            }

            .full-height {
                height: 100vh;
            }

            .flex-center {
                align-items: center;
                display: flex;
                justify-content: center;
            }

            .position-ref {
                position: relative;
            }

            .code {
                border-right: 2px solid;
                font-size: 26px;
                padding: 0 15px 0 15px;
                text-align: center;
            }

            .message {
                font-size: 18px;
                text-align: center;
            }
        &lt;/style&gt;
  &lt;/head&gt;
  &lt;body&gt;
    &lt;div class=&quot;flex-center position-ref full-height&quot;&gt;
      &lt;div class=&quot;code&quot;&gt;
                429            &lt;/div&gt;
      &lt;div class=&quot;message&quot; style=&quot;padding: 10px;&quot;&gt;
                Too Many Requests            &lt;/div&gt;
    &lt;/div&gt;
  &lt;/body&gt;
&lt;/html&gt;
</system-out>
  </testcase>
  <testcase classname="dummy.restapiexample.com.GetAllEmployeeDataTest" name="allEmployeeData" time="0.793"/>
  <testcase classname="dummy.restapiexample.com.UpdateEmployeeIDTest" name="UpdateEmployeeID" time="0.747"/>
  <testcase classname="com.nahidmahmud.javaapiautomation101.reqresin.GetUserTest" name="test_learning_getMethodUserById on test_learning_getMethodUserById(com.nahidmahmud.javaapiautomation101.reqresin.GetUserTest)" time="1.241"/>
</testsuite>