<?xml version="1.0" encoding="UTF-8"?>
<!-- Generated by org.testng.reporters.JUnitReportReporter -->
<testsuite hostname="DC5CG138867R" failures="0" tests="1" name="com.nahidmahmud.javaapiautomation101.reqresin.GetUserTest" time="0.230" errors="0" timestamp="2022-05-02T16:58:33 NZST" skipped="0">
  <testcase classname="com.nahidmahmud.javaapiautomation101.reqresin.GetUserTest" name="test_learning_getMethodUserById" time="0.230"/>
  <system-out/>
</testsuite> <!-- com.nahidmahmud.javaapiautomation101.reqresin.GetUserTest -->
